Using pre-set license
Built from '2021.3/release' branch; Version is '2021.3.28f1 (232e59c3f087) revision 2305625'; Using compiler version '192829333'; Build Type 'Release'
OS: 'Windows 10  (10.0.19045) 64bit Professional' Language: 'ko' Physical Memory: 16317 MB
BatchMode: 1, IsHumanControllingUs: 0, StartBugReporterOnCrash: 0, Is64bit: 1, IsPro: 1

COMMAND LINE ARGUMENTS:
D:\노란책 주니어2세\Unity 2021.3.28f1\Editor\Unity.exe
-adb2
-batchMode
-noUpm
-name
AssetImportWorker0
-projectPath
D:/노란책 주니어2세/UnityTutorial/My project
-logFile
Logs/AssetImportWorker0.log
-srvPort
63120
Successfully changed project path to: D:/노란책 주니어2세/UnityTutorial/My project
D:/노란책 주니어2세/UnityTutorial/My project
[UnityMemory] Configuration Parameters - Can be set up in boot.config
    "memorysetup-bucket-allocator-granularity=16"
    "memorysetup-bucket-allocator-bucket-count=8"
    "memorysetup-bucket-allocator-block-size=33554432"
    "memorysetup-bucket-allocator-block-count=8"
    "memorysetup-main-allocator-block-size=16777216"
    "memorysetup-thread-allocator-block-size=16777216"
    "memorysetup-gfx-main-allocator-block-size=16777216"
    "memorysetup-gfx-thread-allocator-block-size=16777216"
    "memorysetup-cache-allocator-block-size=4194304"
    "memorysetup-typetree-allocator-block-size=2097152"
    "memorysetup-profiler-bucket-allocator-granularity=16"
    "memorysetup-profiler-bucket-allocator-bucket-count=8"
    "memorysetup-profiler-bucket-allocator-block-size=33554432"
    "memorysetup-profiler-bucket-allocator-block-count=8"
    "memorysetup-profiler-allocator-block-size=16777216"
    "memorysetup-profiler-editor-allocator-block-size=1048576"
    "memorysetup-temp-allocator-size-main=16777216"
    "memorysetup-job-temp-allocator-block-size=2097152"
    "memorysetup-job-temp-allocator-block-size-background=1048576"
    "memorysetup-job-temp-allocator-reduction-small-platforms=262144"
    "memorysetup-temp-allocator-size-background-worker=32768"
    "memorysetup-temp-allocator-size-job-worker=262144"
    "memorysetup-temp-allocator-size-preload-manager=33554432"
    "memorysetup-temp-allocator-size-nav-mesh-worker=65536"
    "memorysetup-temp-allocator-size-audio-worker=65536"
    "memorysetup-temp-allocator-size-cloud-worker=32768"
    "memorysetup-temp-allocator-size-gi-baking-worker=262144"
    "memorysetup-temp-allocator-size-gfx=262144"
Player connection [1392] Host "[IP] 222.234.26.237 [Port] 0 [Flags] 2 [Guid] 2120616607 [EditorId] 2120616607 [Version] 1048832 [Id] WindowsEditor(7,DESKTOP-HN09DHF) [Debug] 1 [PackageName] WindowsEditor [ProjectName] Editor" joined multi-casting on [225.0.0.222:54997]...

Player connection [1392] Host "[IP] 222.234.26.237 [Port] 0 [Flags] 2 [Guid] 2120616607 [EditorId] 2120616607 [Version] 1048832 [Id] WindowsEditor(7,DESKTOP-HN09DHF) [Debug] 1 [PackageName] WindowsEditor [ProjectName] Editor" joined alternative multi-casting on [225.0.0.222:34997]...

Refreshing native plugins compatible for Editor in 74.63 ms, found 3 plugins.
Preloading 0 native plugins for Editor in 0.00 ms.
Initialize engine version: 2021.3.28f1 (232e59c3f087)
[Subsystems] Discovering subsystems at path D:/노란책 주니어2세/Unity 2021.3.28f1/Editor/Data/Resources/UnitySubsystems
[Subsystems] Discovering subsystems at path D:/노란책 주니어2세/UnityTutorial/My project/Assets
GfxDevice: creating device client; threaded=0; jobified=0
Direct3D:
    Version:  Direct3D 11.0 [level 11.1]
    Renderer: NVIDIA GeForce GTX 1060 6GB (ID=0x1c03)
    Vendor:   NVIDIA
    VRAM:     6043 MB
    Driver:   31.0.15.3179
Initialize mono
Mono path[0] = 'D:/노란책 주니어2세/Unity 2021.3.28f1/Editor/Data/Managed'
Mono path[1] = 'D:/노란책 주니어2세/Unity 2021.3.28f1/Editor/Data/MonoBleedingEdge/lib/mono/unityjit-win32'
Mono config path = 'D:/노란책 주니어2세/Unity 2021.3.28f1/Editor/Data/MonoBleedingEdge/etc'
Using monoOptions --debugger-agent=transport=dt_socket,embedding=1,server=y,suspend=n,address=127.0.0.1:56416
Begin MonoManager ReloadAssembly
Registering precompiled unity dll's ...
Register platform support module: D:/노란책 주니어2세/Unity 2021.3.28f1/Editor/Data/PlaybackEngines/WindowsStandaloneSupport/UnityEditor.WindowsStandalone.Extensions.dll
Registered in 0.003025 seconds.
Native extension for WindowsStandalone target not found
Refreshing native plugins compatible for Editor in 74.28 ms, found 3 plugins.
Preloading 0 native plugins for Editor in 0.00 ms.
Mono: successfully reloaded assembly
- Completed reload, in  0.638 seconds
Domain Reload Profiling:
	ReloadAssembly (639ms)
		BeginReloadAssembly (106ms)
			ExecutionOrderSort (0ms)
			DisableScriptedObjects (0ms)
			BackupInstance (0ms)
			ReleaseScriptingObjects (0ms)
			CreateAndSetChildDomain (1ms)
		EndReloadAssembly (440ms)
			LoadAssemblies (105ms)
			RebuildTransferFunctionScriptingTraits (0ms)
			SetupTypeCache (108ms)
			ReleaseScriptCaches (0ms)
			RebuildScriptCaches (29ms)
			SetupLoadedEditorAssemblies (255ms)
				LogAssemblyErrors (0ms)
				InitializePlatformSupportModulesInManaged (7ms)
				SetLoadedEditorAssemblies (0ms)
				RefreshPlugins (74ms)
				BeforeProcessingInitializeOnLoad (1ms)
				ProcessInitializeOnLoadAttributes (123ms)
				ProcessInitializeOnLoadMethodAttributes (50ms)
				AfterProcessingInitializeOnLoad (0ms)
				EditorAssembliesLoaded (0ms)
			ExecutionOrderSort2 (0ms)
			AwakeInstancesAfterBackupRestoration (0ms)
Platform modules already initialized, skipping
Registering precompiled user dll's ...
Registered in 0.005333 seconds.
Begin MonoManager ReloadAssembly
Symbol file LoadedFromMemory doesn't match image D:\노란책 주니어2세\UnityTutorial\My project\Library\PackageCache\com.unity.visualscripting@1.8.0\Editor\VisualScripting.Core\Dependencies\YamlDotNet\Unity.VisualScripting.YamlDotNet.dll
Symbol file LoadedFromMemory doesn't match image D:\노란책 주니어2세\UnityTutorial\My project\Library\PackageCache\com.unity.visualscripting@1.8.0\Editor\VisualScripting.Core\Dependencies\DotNetZip\Unity.VisualScripting.IonicZip.dll
Native extension for WindowsStandalone target not found
Refreshing native plugins compatible for Editor in 0.47 ms, found 3 plugins.
Preloading 0 native plugins for Editor in 0.00 ms.
Mono: successfully reloaded assembly
- Completed reload, in  1.009 seconds
Domain Reload Profiling:
	ReloadAssembly (1009ms)
		BeginReloadAssembly (144ms)
			ExecutionOrderSort (0ms)
			DisableScriptedObjects (6ms)
			BackupInstance (0ms)
			ReleaseScriptingObjects (0ms)
			CreateAndSetChildDomain (20ms)
		EndReloadAssembly (763ms)
			LoadAssemblies (117ms)
			RebuildTransferFunctionScriptingTraits (0ms)
			SetupTypeCache (272ms)
			ReleaseScriptCaches (1ms)
			RebuildScriptCaches (49ms)
			SetupLoadedEditorAssemblies (324ms)
				LogAssemblyErrors (0ms)
				InitializePlatformSupportModulesInManaged (4ms)
				SetLoadedEditorAssemblies (0ms)
				RefreshPlugins (1ms)
				BeforeProcessingInitializeOnLoad (73ms)
				ProcessInitializeOnLoadAttributes (221ms)
				ProcessInitializeOnLoadMethodAttributes (21ms)
				AfterProcessingInitializeOnLoad (3ms)
				EditorAssembliesLoaded (0ms)
			ExecutionOrderSort2 (0ms)
			AwakeInstancesAfterBackupRestoration (9ms)
Platform modules already initialized, skipping
========================================================================
Worker process is ready to serve import requests
Launched and connected shader compiler UnityShaderCompiler.exe after 0.05 seconds
Refreshing native plugins compatible for Editor in 0.50 ms, found 3 plugins.
Preloading 0 native plugins for Editor in 0.00 ms.
Unloading 3054 Unused Serialized files (Serialized files now loaded: 0)
Unloading 22 unused Assets / (49.9 KB). Loaded Objects now: 3519.
Memory consumption went from 108.0 MB to 107.9 MB.
Total: 3.289800 ms (FindLiveObjects: 0.282000 ms CreateObjectMapping: 0.319800 ms MarkObjects: 2.542900 ms  DeleteObjects: 0.143800 ms)

AssetImportParameters requested are different than current active one (requested -> active):
  custom:video-decoder-ogg-theora: a1e56fd34408186e4bbccfd4996cb3dc -> 
  custom:container-muxer-webm: aa71ff27fc2769a1b78a27578f13a17b -> 
  custom:container-demuxer-webm: 4f35f7cbe854078d1ac9338744f61a02 -> 
  custom:video-encoder-webm-vp8: eb34c28f22e8b96e1ab97ce403110664 -> 
  custom:CustomObjectIndexerAttribute: bc11b3a6c3213fcdd17b65e7da85e133 -> 
  custom:audio-encoder-webm-vorbis: bf7c407c2cedff20999df2af8eb42d56 -> 
  custom:framework-win-MediaFoundation: 216162199b28c13a410421893ffa2e32 -> 
  custom:container-demuxer-ogg: 62fdf1f143b41e24485cea50d1cbac27 -> 
  custom:video-decoder-webm-vp8: 9c59270c3fd7afecdb556c50c9e8de78 -> 
  custom:audio-decoder-ogg-vorbis: bf7c407c2cedff20999df2af8eb42d56 -> 
========================================================================
Received Import Request.
  Time since last request: 263939.996690 seconds.
  path: Assets/scenes
  artifactKey: Guid(b67e78bc66a8b9640a9c87d84c828c1e) Importer(815301076,1909f56bfc062723c751e8b465ee728b)
Start importing Assets/scenes using Guid(b67e78bc66a8b9640a9c87d84c828c1e) Importer(815301076,1909f56bfc062723c751e8b465ee728b)  -> (artifact id: '02ddb143b09646ff1df8ad9aa9587586') in 0.019636 seconds 
========================================================================
Received Import Request.
  Time since last request: 6.589888 seconds.
  path: Assets/scenes/title scene.unity
  artifactKey: Guid(d9237e1fc99f68a4b97f138a54c12fa8) Importer(815301076,1909f56bfc062723c751e8b465ee728b)
Start importing Assets/scenes/title scene.unity using Guid(d9237e1fc99f68a4b97f138a54c12fa8) Importer(815301076,1909f56bfc062723c751e8b465ee728b)  -> (artifact id: '0d6274739c5145ebb4799d89bef836bb') in 0.013111 seconds 
========================================================================
Received Import Request.
  Time since last request: 718.164823 seconds.
  path: Assets/Simasart/Hungry Bat/Art/Character/hungry_bat.png
  artifactKey: Guid(80470d52b250cf34f83808dd6803e5d7) Importer(815301076,1909f56bfc062723c751e8b465ee728b)
Start importing Assets/Simasart/Hungry Bat/Art/Character/hungry_bat.png using Guid(80470d52b250cf34f83808dd6803e5d7) Importer(815301076,1909f56bfc062723c751e8b465ee728b)  -> (artifact id: '29c43c24f483ec3bfc4a5e5b161b30f0') in 0.186612 seconds 
========================================================================
Received Import Request.
  Time since last request: 0.000027 seconds.
  path: Assets/Simasart/Hungry Bat/Art/Character/hungry_bat_blur.png
  artifactKey: Guid(1c5627402d68cd642b43a000a0e53686) Importer(815301076,1909f56bfc062723c751e8b465ee728b)
Start importing Assets/Simasart/Hungry Bat/Art/Character/hungry_bat_blur.png using Guid(1c5627402d68cd642b43a000a0e53686) Importer(815301076,1909f56bfc062723c751e8b465ee728b)  -> (artifact id: '5a37daa063fc9eb91646ca012cb7768f') in 0.032248 seconds 
========================================================================
Received Import Request.
  Time since last request: 0.165327 seconds.
  path: Assets/Simasart/Hungry Bat/Art/Background/bg_Board.png
  artifactKey: Guid(a422b408c8c8ce14d86d2a701bcddb7c) Importer(815301076,1909f56bfc062723c751e8b465ee728b)
Start importing Assets/Simasart/Hungry Bat/Art/Background/bg_Board.png using Guid(a422b408c8c8ce14d86d2a701bcddb7c) Importer(815301076,1909f56bfc062723c751e8b465ee728b)  -> (artifact id: 'f80407e173352b39aff72ae1731a779a') in 0.078825 seconds 
========================================================================
Received Import Request.
  Time since last request: 0.000020 seconds.
  path: Assets/Simasart/Hungry Bat/Art/Background/bg_Grass.png
  artifactKey: Guid(dbf358507f7a6224d89daef6be569d6f) Importer(815301076,1909f56bfc062723c751e8b465ee728b)
Start importing Assets/Simasart/Hungry Bat/Art/Background/bg_Grass.png using Guid(dbf358507f7a6224d89daef6be569d6f) Importer(815301076,1909f56bfc062723c751e8b465ee728b)  -> (artifact id: 'ed78587685ea13518d5f286da5394055') in 0.087758 seconds 
========================================================================
Received Import Request.
  Time since last request: 0.000022 seconds.
  path: Assets/Simasart/Hungry Bat/Art/Background/bg_Trees.png
  artifactKey: Guid(dea399e55d8c7a54b840b364def11fed) Importer(815301076,1909f56bfc062723c751e8b465ee728b)
Start importing Assets/Simasart/Hungry Bat/Art/Background/bg_Trees.png using Guid(dea399e55d8c7a54b840b364def11fed) Importer(815301076,1909f56bfc062723c751e8b465ee728b)  -> (artifact id: '41aa28bfae42ef26f68f348387824b79') in 0.045357 seconds 
========================================================================
Received Import Request.
  Time since last request: 0.000018 seconds.
  path: Assets/Simasart/Hungry Bat/Art/Background/bg_night.png
  artifactKey: Guid(53870219c49a2004da93e488ba96ed8f) Importer(815301076,1909f56bfc062723c751e8b465ee728b)
Start importing Assets/Simasart/Hungry Bat/Art/Background/bg_night.png using Guid(53870219c49a2004da93e488ba96ed8f) Importer(815301076,1909f56bfc062723c751e8b465ee728b)  -> (artifact id: '16e03650fd4990c19583c4d5054d129f') in 0.105827 seconds 
========================================================================
Received Import Request.
  Time since last request: 0.625819 seconds.
  path: Assets/Simasart/Hungry Bat/Art/Demos/hungrybats3-complete.png
  artifactKey: Guid(bf7fd5c0af4755f42a61fc639aee0e1a) Importer(815301076,1909f56bfc062723c751e8b465ee728b)
Start importing Assets/Simasart/Hungry Bat/Art/Demos/hungrybats3-complete.png using Guid(bf7fd5c0af4755f42a61fc639aee0e1a) Importer(815301076,1909f56bfc062723c751e8b465ee728b)  -> (artifact id: 'a900c6c83037ba90ddcd545abd9c2e45') in 0.130973 seconds 
========================================================================
Received Import Request.
  Time since last request: 0.000022 seconds.
  path: Assets/Simasart/Hungry Bat/Art/Demos/hungrybats3-pause.png
  artifactKey: Guid(3a9b17ae9e85f744aa327f8fbd27b87f) Importer(815301076,1909f56bfc062723c751e8b465ee728b)
Start importing Assets/Simasart/Hungry Bat/Art/Demos/hungrybats3-pause.png using Guid(3a9b17ae9e85f744aa327f8fbd27b87f) Importer(815301076,1909f56bfc062723c751e8b465ee728b)  -> (artifact id: '99416bd58fbab4411871421b2154dcf6') in 0.133337 seconds 
========================================================================
Received Import Request.
  Time since last request: 0.000025 seconds.
  path: Assets/Simasart/Hungry Bat/Art/Demos/hungrybats3.png
  artifactKey: Guid(97f3f5d28cf3f6641ad4a3afb85a2d6c) Importer(815301076,1909f56bfc062723c751e8b465ee728b)
Start importing Assets/Simasart/Hungry Bat/Art/Demos/hungrybats3.png using Guid(97f3f5d28cf3f6641ad4a3afb85a2d6c) Importer(815301076,1909f56bfc062723c751e8b465ee728b)  -> (artifact id: '31e834331d93632aa584af703e790160') in 0.137619 seconds 
========================================================================
Received Import Request.
  Time since last request: 0.097887 seconds.
  path: Assets/Simasart/Hungry Bat/Art/Fruits/apple.png
  artifactKey: Guid(b7481a4c424715542a70ac1efc7468db) Importer(815301076,1909f56bfc062723c751e8b465ee728b)
Start importing Assets/Simasart/Hungry Bat/Art/Fruits/apple.png using Guid(b7481a4c424715542a70ac1efc7468db) Importer(815301076,1909f56bfc062723c751e8b465ee728b)  -> (artifact id: '42e1bd74beac0a6c7e0b37fbb6380da5') in 0.021945 seconds 
========================================================================
Received Import Request.
  Time since last request: 0.000043 seconds.
  path: Assets/Simasart/Hungry Bat/Art/Fruits/pear.png
  artifactKey: Guid(50dd2e8acaa7426438d693e39eb73026) Importer(815301076,1909f56bfc062723c751e8b465ee728b)
Start importing Assets/Simasart/Hungry Bat/Art/Fruits/pear.png using Guid(50dd2e8acaa7426438d693e39eb73026) Importer(815301076,1909f56bfc062723c751e8b465ee728b)  -> (artifact id: 'a38575c06f2c897cb08f25bf43264f50') in 0.019583 seconds 
========================================================================
Received Import Request.
  Time since last request: 0.000015 seconds.
  path: Assets/Simasart/Hungry Bat/Art/Fruits/grape.png
  artifactKey: Guid(fbb6c45b2e0f5424cace793121f03e56) Importer(815301076,1909f56bfc062723c751e8b465ee728b)
Start importing Assets/Simasart/Hungry Bat/Art/Fruits/grape.png using Guid(fbb6c45b2e0f5424cace793121f03e56) Importer(815301076,1909f56bfc062723c751e8b465ee728b)  -> (artifact id: '94ff231c38ef7d8752bbe4406944927d') in 0.022974 seconds 
========================================================================
Received Import Request.
  Time since last request: 0.000018 seconds.
  path: Assets/Simasart/Hungry Bat/Art/Fruits/strawberry.png
  artifactKey: Guid(140169fe467b8b649aa2541e0c8d6c09) Importer(815301076,1909f56bfc062723c751e8b465ee728b)
Start importing Assets/Simasart/Hungry Bat/Art/Fruits/strawberry.png using Guid(140169fe467b8b649aa2541e0c8d6c09) Importer(815301076,1909f56bfc062723c751e8b465ee728b)  -> (artifact id: 'c778345f55b4dfb34c2f6b7564d03b67') in 0.020121 seconds 
========================================================================
Received Import Request.
  Time since last request: 0.000018 seconds.
  path: Assets/Simasart/Hungry Bat/Art/Fruits/banana.png
  artifactKey: Guid(a292bddf8693e00428dace4a7f770aa6) Importer(815301076,1909f56bfc062723c751e8b465ee728b)
Start importing Assets/Simasart/Hungry Bat/Art/Fruits/banana.png using Guid(a292bddf8693e00428dace4a7f770aa6) Importer(815301076,1909f56bfc062723c751e8b465ee728b)  -> (artifact id: 'c46dc9b18732121005b45fd5b2db735a') in 0.021739 seconds 
========================================================================
Received Import Request.
  Time since last request: 0.000015 seconds.
  path: Assets/Simasart/Hungry Bat/Art/Fruits/orange.png
  artifactKey: Guid(5b0c287fddf11b24d910a6b285ee1807) Importer(815301076,1909f56bfc062723c751e8b465ee728b)
Start importing Assets/Simasart/Hungry Bat/Art/Fruits/orange.png using Guid(5b0c287fddf11b24d910a6b285ee1807) Importer(815301076,1909f56bfc062723c751e8b465ee728b)  -> (artifact id: 'edfddb29d0b8d71b9ee24f9a424f837c') in 0.021524 seconds 
========================================================================
Received Import Request.
  Time since last request: 0.000015 seconds.
  path: Assets/Simasart/Hungry Bat/Art/Fruits/blueberry.png
  artifactKey: Guid(23c39604c54f9f944ac7791b186f3dce) Importer(815301076,1909f56bfc062723c751e8b465ee728b)
Start importing Assets/Simasart/Hungry Bat/Art/Fruits/blueberry.png using Guid(23c39604c54f9f944ac7791b186f3dce) Importer(815301076,1909f56bfc062723c751e8b465ee728b)  -> (artifact id: 'c815f7402fb9b26a810390fff73f00b2') in 0.021340 seconds 
========================================================================
Received Import Request.
  Time since last request: 542.191611 seconds.
  path: Assets/Image
  artifactKey: Guid(2f465b394ea39d640896086b97da2b44) Importer(815301076,1909f56bfc062723c751e8b465ee728b)
Start importing Assets/Image using Guid(2f465b394ea39d640896086b97da2b44) Importer(815301076,1909f56bfc062723c751e8b465ee728b)  -> (artifact id: 'fb201aa063b2614661828ea9b4c51ed1') in 0.011270 seconds 
========================================================================
Received Import Request.
  Time since last request: 45.849776 seconds.
  path: Assets/Image/11aaaUnity.webp
  artifactKey: Guid(592f07dd1dc1d8341b1a944d5ef699dd) Importer(815301076,1909f56bfc062723c751e8b465ee728b)
Start importing Assets/Image/11aaaUnity.webp using Guid(592f07dd1dc1d8341b1a944d5ef699dd) Importer(815301076,1909f56bfc062723c751e8b465ee728b)  -> (artifact id: 'df52d8fdc453b02459d6a91c0ff4886e') in 0.017416 seconds 
========================================================================
Received Import Request.
  Time since last request: 15.062482 seconds.
  path: Assets/Image/Bakcground.webp
  artifactKey: Guid(592f07dd1dc1d8341b1a944d5ef699dd) Importer(815301076,1909f56bfc062723c751e8b465ee728b)
Start importing Assets/Image/Bakcground.webp using Guid(592f07dd1dc1d8341b1a944d5ef699dd) Importer(815301076,1909f56bfc062723c751e8b465ee728b)  -> (artifact id: '7017a24d770b94e767c246bf060b5fb8') in 0.010922 seconds 
========================================================================
Received Import Request.
  Time since last request: 47.251243 seconds.
  path: Assets/Image/1Unity.PNG
  artifactKey: Guid(15bf6d75b6a9b9548a229132b812e928) Importer(815301076,1909f56bfc062723c751e8b465ee728b)
Start importing Assets/Image/1Unity.PNG using Guid(15bf6d75b6a9b9548a229132b812e928) Importer(815301076,1909f56bfc062723c751e8b465ee728b)  -> (artifact id: 'e1d68799d957c114426df5a945eebd9a') in 0.022330 seconds 
========================================================================
Received Import Request.
  Time since last request: 53.283415 seconds.
  path: Assets/Image/1Unity.PNG
  artifactKey: Guid(15bf6d75b6a9b9548a229132b812e928) Importer(815301076,1909f56bfc062723c751e8b465ee728b)
Start importing Assets/Image/1Unity.PNG using Guid(15bf6d75b6a9b9548a229132b812e928) Importer(815301076,1909f56bfc062723c751e8b465ee728b)  -> (artifact id: 'd0201c3f5d7f94c927389e5ffd2855e1') in 0.123732 seconds 
========================================================================
Received Import Request.
  Time since last request: 1922.345558 seconds.
  path: Assets/script/SceneMove.cs
  artifactKey: Guid(1f6ba975886c54c49b7b334a9d3e5658) Importer(815301076,1909f56bfc062723c751e8b465ee728b)
Start importing Assets/script/SceneMove.cs using Guid(1f6ba975886c54c49b7b334a9d3e5658) Importer(815301076,1909f56bfc062723c751e8b465ee728b)  -> (artifact id: '640fc3d2849711468d0379b5a5a0769c') in 0.022781 seconds 
========================================================================
Received Prepare
Registering precompiled user dll's ...
Registered in 0.005381 seconds.
Begin MonoManager ReloadAssembly
Symbol file LoadedFromMemory doesn't match image D:\노란책 주니어2세\UnityTutorial\My project\Library\PackageCache\com.unity.visualscripting@1.8.0\Editor\VisualScripting.Core\Dependencies\YamlDotNet\Unity.VisualScripting.YamlDotNet.dll
Symbol file LoadedFromMemory doesn't match image D:\노란책 주니어2세\UnityTutorial\My project\Library\PackageCache\com.unity.visualscripting@1.8.0\Editor\VisualScripting.Core\Dependencies\DotNetZip\Unity.VisualScripting.IonicZip.dll
Native extension for WindowsStandalone target not found
Refreshing native plugins compatible for Editor in 0.46 ms, found 3 plugins.
Preloading 0 native plugins for Editor in 0.00 ms.
Mono: successfully reloaded assembly
- Completed reload, in  0.943 seconds
Domain Reload Profiling:
	ReloadAssembly (943ms)
		BeginReloadAssembly (165ms)
			ExecutionOrderSort (0ms)
			DisableScriptedObjects (5ms)
			BackupInstance (0ms)
			ReleaseScriptingObjects (0ms)
			CreateAndSetChildDomain (38ms)
		EndReloadAssembly (689ms)
			LoadAssemblies (119ms)
			RebuildTransferFunctionScriptingTraits (0ms)
			SetupTypeCache (264ms)
			ReleaseScriptCaches (1ms)
			RebuildScriptCaches (37ms)
			SetupLoadedEditorAssemblies (264ms)
				LogAssemblyErrors (0ms)
				InitializePlatformSupportModulesInManaged (4ms)
				SetLoadedEditorAssemblies (0ms)
				RefreshPlugins (1ms)
				BeforeProcessingInitializeOnLoad (52ms)
				ProcessInitializeOnLoadAttributes (185ms)
				ProcessInitializeOnLoadMethodAttributes (19ms)
				AfterProcessingInitializeOnLoad (3ms)
				EditorAssembliesLoaded (0ms)
			ExecutionOrderSort2 (0ms)
			AwakeInstancesAfterBackupRestoration (8ms)
Platform modules already initialized, skipping
Refreshing native plugins compatible for Editor in 1.53 ms, found 3 plugins.
Preloading 0 native plugins for Editor in 0.00 ms.
Unloading 3048 Unused Serialized files (Serialized files now loaded: 0)
Unloading 15 unused Assets / (21.9 KB). Loaded Objects now: 3548.
Memory consumption went from 112.1 MB to 112.0 MB.
Total: 2.506800 ms (FindLiveObjects: 0.261200 ms CreateObjectMapping: 0.146400 ms MarkObjects: 2.063900 ms  DeleteObjects: 0.034400 ms)

AssetImportParameters requested are different than current active one (requested -> active):
  custom:video-decoder-ogg-theora: a1e56fd34408186e4bbccfd4996cb3dc -> 
  custom:container-muxer-webm: aa71ff27fc2769a1b78a27578f13a17b -> 
  custom:container-demuxer-webm: 4f35f7cbe854078d1ac9338744f61a02 -> 
  custom:video-encoder-webm-vp8: eb34c28f22e8b96e1ab97ce403110664 -> 
  custom:CustomObjectIndexerAttribute: bc11b3a6c3213fcdd17b65e7da85e133 -> 
  custom:audio-encoder-webm-vorbis: bf7c407c2cedff20999df2af8eb42d56 -> 
  custom:framework-win-MediaFoundation: 216162199b28c13a410421893ffa2e32 -> 
  custom:container-demuxer-ogg: 62fdf1f143b41e24485cea50d1cbac27 -> 
  custom:video-decoder-webm-vp8: 9c59270c3fd7afecdb556c50c9e8de78 -> 
  custom:audio-decoder-ogg-vorbis: bf7c407c2cedff20999df2af8eb42d56 -> 
========================================================================
Received Import Request.
  Time since last request: 391.594443 seconds.
  path: Assets/Sport Car - 3D model/Materials/Wheel_Mats/AmbientOcclusionMap.png
  artifactKey: Guid(73eb8fab782f9f340b74493b735b6c0d) Importer(815301076,1909f56bfc062723c751e8b465ee728b)
Start importing Assets/Sport Car - 3D model/Materials/Wheel_Mats/AmbientOcclusionMap.png using Guid(73eb8fab782f9f340b74493b735b6c0d) Importer(815301076,1909f56bfc062723c751e8b465ee728b)  -> (artifact id: '97a38723dbf2fd8c8daf6aaaf65236cd') in 0.079175 seconds 
========================================================================
Received Import Request.
  Time since last request: 0.000029 seconds.
  path: Assets/Simasart/Hungry Bat/Prefabs/Fruits/Apple.prefab
  artifactKey: Guid(dcfa150433e47994ebf8b1bc2346b4f9) Importer(815301076,1909f56bfc062723c751e8b465ee728b)
Start importing Assets/Simasart/Hungry Bat/Prefabs/Fruits/Apple.prefab using Guid(dcfa150433e47994ebf8b1bc2346b4f9) Importer(815301076,1909f56bfc062723c751e8b465ee728b)  -> (artifact id: '7501ff10a856ed51d14a34b85ad552f0') in 0.095798 seconds 
========================================================================
Received Import Request.
  Time since last request: 344.531156 seconds.
  path: Assets/script/ScriptObject.prefab
  artifactKey: Guid(020678cd079403c438ae80d8022d2267) Importer(815301076,1909f56bfc062723c751e8b465ee728b)
Start importing Assets/script/ScriptObject.prefab using Guid(020678cd079403c438ae80d8022d2267) Importer(815301076,1909f56bfc062723c751e8b465ee728b)  -> (artifact id: '06ce22c2c654cff7f8093a28d1d2f558') in 0.013893 seconds 
========================================================================
Received Prepare
Registering precompiled user dll's ...
Registered in 0.006038 seconds.
Begin MonoManager ReloadAssembly
Symbol file LoadedFromMemory doesn't match image D:\노란책 주니어2세\UnityTutorial\My project\Library\PackageCache\com.unity.visualscripting@1.8.0\Editor\VisualScripting.Core\Dependencies\YamlDotNet\Unity.VisualScripting.YamlDotNet.dll
Symbol file LoadedFromMemory doesn't match image D:\노란책 주니어2세\UnityTutorial\My project\Library\PackageCache\com.unity.visualscripting@1.8.0\Editor\VisualScripting.Core\Dependencies\DotNetZip\Unity.VisualScripting.IonicZip.dll
Native extension for WindowsStandalone target not found
Refreshing native plugins compatible for Editor in 0.54 ms, found 3 plugins.
Preloading 0 native plugins for Editor in 0.00 ms.
Mono: successfully reloaded assembly
- Completed reload, in  1.053 seconds
Domain Reload Profiling:
	ReloadAssembly (1054ms)
		BeginReloadAssembly (171ms)
			ExecutionOrderSort (0ms)
			DisableScriptedObjects (5ms)
			BackupInstance (0ms)
			ReleaseScriptingObjects (0ms)
			CreateAndSetChildDomain (36ms)
		EndReloadAssembly (791ms)
			LoadAssemblies (127ms)
			RebuildTransferFunctionScriptingTraits (0ms)
			SetupTypeCache (277ms)
			ReleaseScriptCaches (1ms)
			RebuildScriptCaches (39ms)
			SetupLoadedEditorAssemblies (337ms)
				LogAssemblyErrors (0ms)
				InitializePlatformSupportModulesInManaged (5ms)
				SetLoadedEditorAssemblies (1ms)
				RefreshPlugins (1ms)
				BeforeProcessingInitializeOnLoad (65ms)
				ProcessInitializeOnLoadAttributes (234ms)
				ProcessInitializeOnLoadMethodAttributes (26ms)
				AfterProcessingInitializeOnLoad (4ms)
				EditorAssembliesLoaded (0ms)
			ExecutionOrderSort2 (0ms)
			AwakeInstancesAfterBackupRestoration (12ms)
Platform modules already initialized, skipping
Refreshing native plugins compatible for Editor in 1.88 ms, found 3 plugins.
Preloading 0 native plugins for Editor in 0.00 ms.
Unloading 3048 Unused Serialized files (Serialized files now loaded: 0)
Unloading 15 unused Assets / (22.0 KB). Loaded Objects now: 3556.
Memory consumption went from 112.1 MB to 112.1 MB.
Total: 9.386400 ms (FindLiveObjects: 4.113100 ms CreateObjectMapping: 1.541200 ms MarkObjects: 3.707400 ms  DeleteObjects: 0.023300 ms)

AssetImportParameters requested are different than current active one (requested -> active):
  custom:video-decoder-ogg-theora: a1e56fd34408186e4bbccfd4996cb3dc -> 
  custom:container-muxer-webm: aa71ff27fc2769a1b78a27578f13a17b -> 
  custom:container-demuxer-webm: 4f35f7cbe854078d1ac9338744f61a02 -> 
  custom:video-encoder-webm-vp8: eb34c28f22e8b96e1ab97ce403110664 -> 
  custom:CustomObjectIndexerAttribute: bc11b3a6c3213fcdd17b65e7da85e133 -> 
  custom:audio-encoder-webm-vorbis: bf7c407c2cedff20999df2af8eb42d56 -> 
  custom:framework-win-MediaFoundation: 216162199b28c13a410421893ffa2e32 -> 
  custom:container-demuxer-ogg: 62fdf1f143b41e24485cea50d1cbac27 -> 
  custom:video-decoder-webm-vp8: 9c59270c3fd7afecdb556c50c9e8de78 -> 
  custom:audio-decoder-ogg-vorbis: bf7c407c2cedff20999df2af8eb42d56 -> 
========================================================================
Received Prepare
Registering precompiled user dll's ...
Registered in 0.005084 seconds.
Begin MonoManager ReloadAssembly
Symbol file LoadedFromMemory doesn't match image D:\노란책 주니어2세\UnityTutorial\My project\Library\PackageCache\com.unity.visualscripting@1.8.0\Editor\VisualScripting.Core\Dependencies\YamlDotNet\Unity.VisualScripting.YamlDotNet.dll
Symbol file LoadedFromMemory doesn't match image D:\노란책 주니어2세\UnityTutorial\My project\Library\PackageCache\com.unity.visualscripting@1.8.0\Editor\VisualScripting.Core\Dependencies\DotNetZip\Unity.VisualScripting.IonicZip.dll
Native extension for WindowsStandalone target not found
Refreshing native plugins compatible for Editor in 0.53 ms, found 3 plugins.
Preloading 0 native plugins for Editor in 0.00 ms.
Mono: successfully reloaded assembly
- Completed reload, in  1.076 seconds
Domain Reload Profiling:
	ReloadAssembly (1077ms)
		BeginReloadAssembly (164ms)
			ExecutionOrderSort (0ms)
			DisableScriptedObjects (6ms)
			BackupInstance (0ms)
			ReleaseScriptingObjects (0ms)
			CreateAndSetChildDomain (33ms)
		EndReloadAssembly (818ms)
			LoadAssemblies (125ms)
			RebuildTransferFunctionScriptingTraits (0ms)
			SetupTypeCache (300ms)
			ReleaseScriptCaches (1ms)
			RebuildScriptCaches (46ms)
			SetupLoadedEditorAssemblies (327ms)
				LogAssemblyErrors (0ms)
				InitializePlatformSupportModulesInManaged (5ms)
				SetLoadedEditorAssemblies (1ms)
				RefreshPlugins (1ms)
				BeforeProcessingInitializeOnLoad (63ms)
				ProcessInitializeOnLoadAttributes (228ms)
				ProcessInitializeOnLoadMethodAttributes (26ms)
				AfterProcessingInitializeOnLoad (4ms)
				EditorAssembliesLoaded (0ms)
			ExecutionOrderSort2 (0ms)
			AwakeInstancesAfterBackupRestoration (9ms)
Platform modules already initialized, skipping
Refreshing native plugins compatible for Editor in 2.15 ms, found 3 plugins.
Preloading 0 native plugins for Editor in 0.00 ms.
Unloading 3048 Unused Serialized files (Serialized files now loaded: 0)
Unloading 15 unused Assets / (22.0 KB). Loaded Objects now: 3559.
Memory consumption went from 112.2 MB to 112.1 MB.
Total: 4.851700 ms (FindLiveObjects: 0.262000 ms CreateObjectMapping: 1.272500 ms MarkObjects: 3.291400 ms  DeleteObjects: 0.024500 ms)

AssetImportParameters requested are different than current active one (requested -> active):
  custom:video-decoder-ogg-theora: a1e56fd34408186e4bbccfd4996cb3dc -> 
  custom:container-muxer-webm: aa71ff27fc2769a1b78a27578f13a17b -> 
  custom:container-demuxer-webm: 4f35f7cbe854078d1ac9338744f61a02 -> 
  custom:video-encoder-webm-vp8: eb34c28f22e8b96e1ab97ce403110664 -> 
  custom:CustomObjectIndexerAttribute: bc11b3a6c3213fcdd17b65e7da85e133 -> 
  custom:audio-encoder-webm-vorbis: bf7c407c2cedff20999df2af8eb42d56 -> 
  custom:framework-win-MediaFoundation: 216162199b28c13a410421893ffa2e32 -> 
  custom:container-demuxer-ogg: 62fdf1f143b41e24485cea50d1cbac27 -> 
  custom:video-decoder-webm-vp8: 9c59270c3fd7afecdb556c50c9e8de78 -> 
  custom:audio-decoder-ogg-vorbis: bf7c407c2cedff20999df2af8eb42d56 -> 
========================================================================
Received Prepare
Registering precompiled user dll's ...
Registered in 0.005391 seconds.
Begin MonoManager ReloadAssembly
Symbol file LoadedFromMemory doesn't match image D:\노란책 주니어2세\UnityTutorial\My project\Library\PackageCache\com.unity.visualscripting@1.8.0\Editor\VisualScripting.Core\Dependencies\YamlDotNet\Unity.VisualScripting.YamlDotNet.dll
Symbol file LoadedFromMemory doesn't match image D:\노란책 주니어2세\UnityTutorial\My project\Library\PackageCache\com.unity.visualscripting@1.8.0\Editor\VisualScripting.Core\Dependencies\DotNetZip\Unity.VisualScripting.IonicZip.dll
Native extension for WindowsStandalone target not found
Refreshing native plugins compatible for Editor in 0.53 ms, found 3 plugins.
Preloading 0 native plugins for Editor in 0.00 ms.
Mono: successfully reloaded assembly
- Completed reload, in  1.093 seconds
Domain Reload Profiling:
	ReloadAssembly (1094ms)
		BeginReloadAssembly (191ms)
			ExecutionOrderSort (0ms)
			DisableScriptedObjects (6ms)
			BackupInstance (0ms)
			ReleaseScriptingObjects (0ms)
			CreateAndSetChildDomain (45ms)
		EndReloadAssembly (809ms)
			LoadAssemblies (135ms)
			RebuildTransferFunctionScriptingTraits (0ms)
			SetupTypeCache (314ms)
			ReleaseScriptCaches (1ms)
			RebuildScriptCaches (49ms)
			SetupLoadedEditorAssemblies (309ms)
				LogAssemblyErrors (0ms)
				InitializePlatformSupportModulesInManaged (4ms)
				SetLoadedEditorAssemblies (0ms)
				RefreshPlugins (1ms)
				BeforeProcessingInitializeOnLoad (63ms)
				ProcessInitializeOnLoadAttributes (216ms)
				ProcessInitializeOnLoadMethodAttributes (21ms)
				AfterProcessingInitializeOnLoad (4ms)
				EditorAssembliesLoaded (0ms)
			ExecutionOrderSort2 (0ms)
			AwakeInstancesAfterBackupRestoration (8ms)
Platform modules already initialized, skipping
Refreshing native plugins compatible for Editor in 1.90 ms, found 3 plugins.
Preloading 0 native plugins for Editor in 0.00 ms.
Unloading 3048 Unused Serialized files (Serialized files now loaded: 0)
Unloading 15 unused Assets / (22.0 KB). Loaded Objects now: 3562.
Memory consumption went from 112.2 MB to 112.1 MB.
Total: 5.630700 ms (FindLiveObjects: 1.407100 ms CreateObjectMapping: 0.355800 ms MarkObjects: 3.838500 ms  DeleteObjects: 0.027600 ms)

AssetImportParameters requested are different than current active one (requested -> active):
  custom:video-decoder-ogg-theora: a1e56fd34408186e4bbccfd4996cb3dc -> 
  custom:container-muxer-webm: aa71ff27fc2769a1b78a27578f13a17b -> 
  custom:container-demuxer-webm: 4f35f7cbe854078d1ac9338744f61a02 -> 
  custom:video-encoder-webm-vp8: eb34c28f22e8b96e1ab97ce403110664 -> 
  custom:CustomObjectIndexerAttribute: bc11b3a6c3213fcdd17b65e7da85e133 -> 
  custom:audio-encoder-webm-vorbis: bf7c407c2cedff20999df2af8eb42d56 -> 
  custom:framework-win-MediaFoundation: 216162199b28c13a410421893ffa2e32 -> 
  custom:container-demuxer-ogg: 62fdf1f143b41e24485cea50d1cbac27 -> 
  custom:video-decoder-webm-vp8: 9c59270c3fd7afecdb556c50c9e8de78 -> 
  custom:audio-decoder-ogg-vorbis: bf7c407c2cedff20999df2af8eb42d56 -> 
========================================================================
Received Prepare
Registering precompiled user dll's ...
Registered in 0.006744 seconds.
Begin MonoManager ReloadAssembly
Symbol file LoadedFromMemory doesn't match image D:\노란책 주니어2세\UnityTutorial\My project\Library\PackageCache\com.unity.visualscripting@1.8.0\Editor\VisualScripting.Core\Dependencies\YamlDotNet\Unity.VisualScripting.YamlDotNet.dll
Symbol file LoadedFromMemory doesn't match image D:\노란책 주니어2세\UnityTutorial\My project\Library\PackageCache\com.unity.visualscripting@1.8.0\Editor\VisualScripting.Core\Dependencies\DotNetZip\Unity.VisualScripting.IonicZip.dll
Native extension for WindowsStandalone target not found
Refreshing native plugins compatible for Editor in 0.52 ms, found 3 plugins.
Preloading 0 native plugins for Editor in 0.00 ms.
Mono: successfully reloaded assembly
- Completed reload, in  1.064 seconds
Domain Reload Profiling:
	ReloadAssembly (1065ms)
		BeginReloadAssembly (165ms)
			ExecutionOrderSort (0ms)
			DisableScriptedObjects (7ms)
			BackupInstance (0ms)
			ReleaseScriptingObjects (0ms)
			CreateAndSetChildDomain (32ms)
		EndReloadAssembly (806ms)
			LoadAssemblies (121ms)
			RebuildTransferFunctionScriptingTraits (0ms)
			SetupTypeCache (286ms)
			ReleaseScriptCaches (1ms)
			RebuildScriptCaches (47ms)
			SetupLoadedEditorAssemblies (328ms)
				LogAssemblyErrors (0ms)
				InitializePlatformSupportModulesInManaged (5ms)
				SetLoadedEditorAssemblies (1ms)
				RefreshPlugins (1ms)
				BeforeProcessingInitializeOnLoad (66ms)
				ProcessInitializeOnLoadAttributes (227ms)
				ProcessInitializeOnLoadMethodAttributes (25ms)
				AfterProcessingInitializeOnLoad (4ms)
				EditorAssembliesLoaded (0ms)
			ExecutionOrderSort2 (0ms)
			AwakeInstancesAfterBackupRestoration (11ms)
Platform modules already initialized, skipping
Refreshing native plugins compatible for Editor in 7.18 ms, found 3 plugins.
Preloading 0 native plugins for Editor in 0.00 ms.
Unloading 3048 Unused Serialized files (Serialized files now loaded: 0)
Unloading 15 unused Assets / (22.0 KB). Loaded Objects now: 3565.
Memory consumption went from 112.2 MB to 112.1 MB.
Total: 3.670900 ms (FindLiveObjects: 0.317600 ms CreateObjectMapping: 0.210300 ms MarkObjects: 3.035500 ms  DeleteObjects: 0.105900 ms)

AssetImportParameters requested are different than current active one (requested -> active):
  custom:video-decoder-ogg-theora: a1e56fd34408186e4bbccfd4996cb3dc -> 
  custom:container-muxer-webm: aa71ff27fc2769a1b78a27578f13a17b -> 
  custom:container-demuxer-webm: 4f35f7cbe854078d1ac9338744f61a02 -> 
  custom:video-encoder-webm-vp8: eb34c28f22e8b96e1ab97ce403110664 -> 
  custom:CustomObjectIndexerAttribute: bc11b3a6c3213fcdd17b65e7da85e133 -> 
  custom:audio-encoder-webm-vorbis: bf7c407c2cedff20999df2af8eb42d56 -> 
  custom:framework-win-MediaFoundation: 216162199b28c13a410421893ffa2e32 -> 
  custom:container-demuxer-ogg: 62fdf1f143b41e24485cea50d1cbac27 -> 
  custom:video-decoder-webm-vp8: 9c59270c3fd7afecdb556c50c9e8de78 -> 
  custom:audio-decoder-ogg-vorbis: bf7c407c2cedff20999df2af8eb42d56 -> 
========================================================================
Received Import Request.
  Time since last request: 379.187566 seconds.
  path: Assets/Simasart/Hungry Bat/Art/UI/bar_mask.png
  artifactKey: Guid(5db29c36ee7e6ff449713292d4e7c5a5) Importer(815301076,1909f56bfc062723c751e8b465ee728b)
Start importing Assets/Simasart/Hungry Bat/Art/UI/bar_mask.png using Guid(5db29c36ee7e6ff449713292d4e7c5a5) Importer(815301076,1909f56bfc062723c751e8b465ee728b)  -> (artifact id: '2a19cc1d2be35179dc24058a7ed9b5a0') in 0.084554 seconds 
========================================================================
Received Import Request.
  Time since last request: 0.000030 seconds.
  path: Assets/Simasart/Hungry Bat/Art/UI/score_bar.png
  artifactKey: Guid(7b0d029f1d2a164488ab0a51a21ca796) Importer(815301076,1909f56bfc062723c751e8b465ee728b)
Start importing Assets/Simasart/Hungry Bat/Art/UI/score_bar.png using Guid(7b0d029f1d2a164488ab0a51a21ca796) Importer(815301076,1909f56bfc062723c751e8b465ee728b)  -> (artifact id: '0678d4133eb27c7cffcf504a025f23b7') in 0.025318 seconds 
========================================================================
Received Import Request.
  Time since last request: 0.000022 seconds.
  path: Assets/Simasart/Hungry Bat/Art/UI/speech_bubble_bg.png
  artifactKey: Guid(4ea348433890b4f439183c9c11524ad6) Importer(815301076,1909f56bfc062723c751e8b465ee728b)
Start importing Assets/Simasart/Hungry Bat/Art/UI/speech_bubble_bg.png using Guid(4ea348433890b4f439183c9c11524ad6) Importer(815301076,1909f56bfc062723c751e8b465ee728b)  -> (artifact id: 'd123b5e2108c138f8f2eb6c95a2e5ac7') in 0.030703 seconds 
========================================================================
Received Import Request.
  Time since last request: 0.000028 seconds.
  path: Assets/Simasart/Hungry Bat/Art/UI/toggle_button.png
  artifactKey: Guid(de56c22b76ecf904a8acb8de8d830adb) Importer(815301076,1909f56bfc062723c751e8b465ee728b)
Start importing Assets/Simasart/Hungry Bat/Art/UI/toggle_button.png using Guid(de56c22b76ecf904a8acb8de8d830adb) Importer(815301076,1909f56bfc062723c751e8b465ee728b)  -> (artifact id: '37a88a13d178738f7f2f5150452cb65f') in 0.021289 seconds 
========================================================================
Received Import Request.
  Time since last request: 0.000036 seconds.
  path: Assets/Simasart/Hungry Bat/Art/UI/txt_mask_shadow.png
  artifactKey: Guid(108f8629d34b46447ba79c773b73fe78) Importer(815301076,1909f56bfc062723c751e8b465ee728b)
Start importing Assets/Simasart/Hungry Bat/Art/UI/txt_mask_shadow.png using Guid(108f8629d34b46447ba79c773b73fe78) Importer(815301076,1909f56bfc062723c751e8b465ee728b)  -> (artifact id: '5db527f02f43982f0325ae17415ff189') in 0.021338 seconds 
========================================================================
Received Import Request.
  Time since last request: 0.000020 seconds.
  path: Assets/Simasart/Hungry Bat/Art/UI/box_win_bg.png
  artifactKey: Guid(dfbb129704899bf42bf9d84606ec9881) Importer(815301076,1909f56bfc062723c751e8b465ee728b)
Start importing Assets/Simasart/Hungry Bat/Art/UI/box_win_bg.png using Guid(dfbb129704899bf42bf9d84606ec9881) Importer(815301076,1909f56bfc062723c751e8b465ee728b)  -> (artifact id: '62a650cfc0e68a81c1ea41f2200c3da0') in 0.253146 seconds 
========================================================================
Received Import Request.
  Time since last request: 0.000024 seconds.
  path: Assets/Simasart/Hungry Bat/Art/UI/box_menu.png
  artifactKey: Guid(94fa5010df1de4845a44a844b3ed0961) Importer(815301076,1909f56bfc062723c751e8b465ee728b)
Start importing Assets/Simasart/Hungry Bat/Art/UI/box_menu.png using Guid(94fa5010df1de4845a44a844b3ed0961) Importer(815301076,1909f56bfc062723c751e8b465ee728b)  -> (artifact id: 'a729c23351a13affaf291e04f75eaa45') in 0.057299 seconds 
========================================================================
Received Import Request.
  Time since last request: 0.000030 seconds.
  path: Assets/Simasart/Hungry Bat/Art/UI/move_banner.png
  artifactKey: Guid(fb725fdc0eaecbc4ba5e791c7eec9107) Importer(815301076,1909f56bfc062723c751e8b465ee728b)
Start importing Assets/Simasart/Hungry Bat/Art/UI/move_banner.png using Guid(fb725fdc0eaecbc4ba5e791c7eec9107) Importer(815301076,1909f56bfc062723c751e8b465ee728b)  -> (artifact id: '995f57e138fefd27669f7934dadb6f77') in 0.025874 seconds 
========================================================================
Received Import Request.
  Time since last request: 0.000022 seconds.
  path: Assets/Simasart/Hungry Bat/Art/UI/star_slot.png
  artifactKey: Guid(e7d9554654e4add46b9a20e0caa846a5) Importer(815301076,1909f56bfc062723c751e8b465ee728b)
Start importing Assets/Simasart/Hungry Bat/Art/UI/star_slot.png using Guid(e7d9554654e4add46b9a20e0caa846a5) Importer(815301076,1909f56bfc062723c751e8b465ee728b)  -> (artifact id: 'ee0bf5e70d62f4da508414c5deb255c1') in 0.033400 seconds 
========================================================================
Received Import Request.
  Time since last request: 0.000388 seconds.
  path: Assets/Simasart/Hungry Bat/Art/UI/tittle_box.png
  artifactKey: Guid(c8a9c674838776147b01b49761e36724) Importer(815301076,1909f56bfc062723c751e8b465ee728b)
Start importing Assets/Simasart/Hungry Bat/Art/UI/tittle_box.png using Guid(c8a9c674838776147b01b49761e36724) Importer(815301076,1909f56bfc062723c751e8b465ee728b)  -> (artifact id: '02ae83df3fefb2c4fed730088a030068') in 0.027958 seconds 
========================================================================
Received Import Request.
  Time since last request: 0.000019 seconds.
  path: Assets/Simasart/Hungry Bat/Art/UI/header_bg.png
  artifactKey: Guid(62dc270995058c246b4e609653c94767) Importer(815301076,1909f56bfc062723c751e8b465ee728b)
Start importing Assets/Simasart/Hungry Bat/Art/UI/header_bg.png using Guid(62dc270995058c246b4e609653c94767) Importer(815301076,1909f56bfc062723c751e8b465ee728b)  -> (artifact id: '23a1eadfaedb8f19a1a11e5ae57dc86a') in 0.056610 seconds 
========================================================================
Received Import Request.
  Time since last request: 0.000019 seconds.
  path: Assets/Simasart/Hungry Bat/Art/UI/star.png
  artifactKey: Guid(1554c51b5f8695e448fe80eded370d3b) Importer(815301076,1909f56bfc062723c751e8b465ee728b)
Start importing Assets/Simasart/Hungry Bat/Art/UI/star.png using Guid(1554c51b5f8695e448fe80eded370d3b) Importer(815301076,1909f56bfc062723c751e8b465ee728b)  -> (artifact id: 'c7dc5bd7a633b83c2ffdf4d99c3a6aea') in 0.029025 seconds 
========================================================================
Received Import Request.
  Time since last request: 0.000020 seconds.
  path: Assets/Simasart/Hungry Bat/Art/UI/toggle_bg.png
  artifactKey: Guid(7ba56b9463eeee245a06f9ae290406d3) Importer(815301076,1909f56bfc062723c751e8b465ee728b)
Start importing Assets/Simasart/Hungry Bat/Art/UI/toggle_bg.png using Guid(7ba56b9463eeee245a06f9ae290406d3) Importer(815301076,1909f56bfc062723c751e8b465ee728b)  -> (artifact id: '6f152ae7936941e59ae750f834cbd868') in 0.025178 seconds 
========================================================================
Received Import Request.
  Time since last request: 0.000042 seconds.
  path: Assets/Simasart/Hungry Bat/Art/UI/box_blue.png
  artifactKey: Guid(1157b8e349a8ffe4c88f133ce0c28a5b) Importer(815301076,1909f56bfc062723c751e8b465ee728b)
Start importing Assets/Simasart/Hungry Bat/Art/UI/box_blue.png using Guid(1157b8e349a8ffe4c88f133ce0c28a5b) Importer(815301076,1909f56bfc062723c751e8b465ee728b)  -> (artifact id: 'fc7a5514e3d88428612583ea8d108370') in 0.026686 seconds 
========================================================================
Received Prepare
Registering precompiled user dll's ...
Registered in 0.005465 seconds.
Begin MonoManager ReloadAssembly
Symbol file LoadedFromMemory doesn't match image D:\노란책 주니어2세\UnityTutorial\My project\Library\PackageCache\com.unity.visualscripting@1.8.0\Editor\VisualScripting.Core\Dependencies\YamlDotNet\Unity.VisualScripting.YamlDotNet.dll
Symbol file LoadedFromMemory doesn't match image D:\노란책 주니어2세\UnityTutorial\My project\Library\PackageCache\com.unity.visualscripting@1.8.0\Editor\VisualScripting.Core\Dependencies\DotNetZip\Unity.VisualScripting.IonicZip.dll
Native extension for WindowsStandalone target not found
Refreshing native plugins compatible for Editor in 0.53 ms, found 3 plugins.
Preloading 0 native plugins for Editor in 0.00 ms.
Mono: successfully reloaded assembly
- Completed reload, in  1.098 seconds
Domain Reload Profiling:
	ReloadAssembly (1099ms)
		BeginReloadAssembly (167ms)
			ExecutionOrderSort (0ms)
			DisableScriptedObjects (5ms)
			BackupInstance (0ms)
			ReleaseScriptingObjects (0ms)
			CreateAndSetChildDomain (35ms)
		EndReloadAssembly (840ms)
			LoadAssemblies (120ms)
			RebuildTransferFunctionScriptingTraits (0ms)
			SetupTypeCache (294ms)
			ReleaseScriptCaches (1ms)
			RebuildScriptCaches (51ms)
			SetupLoadedEditorAssemblies (352ms)
				LogAssemblyErrors (0ms)
				InitializePlatformSupportModulesInManaged (5ms)
				SetLoadedEditorAssemblies (1ms)
				RefreshPlugins (1ms)
				BeforeProcessingInitializeOnLoad (62ms)
				ProcessInitializeOnLoadAttributes (253ms)
				ProcessInitializeOnLoadMethodAttributes (26ms)
				AfterProcessingInitializeOnLoad (3ms)
				EditorAssembliesLoaded (0ms)
			ExecutionOrderSort2 (0ms)
			AwakeInstancesAfterBackupRestoration (11ms)
Platform modules already initialized, skipping
Refreshing native plugins compatible for Editor in 1.75 ms, found 3 plugins.
Preloading 0 native plugins for Editor in 0.00 ms.
Unloading 3048 Unused Serialized files (Serialized files now loaded: 0)
Unloading 15 unused Assets / (21.9 KB). Loaded Objects now: 3607.
Memory consumption went from 112.2 MB to 112.2 MB.
Total: 3.915000 ms (FindLiveObjects: 0.270800 ms CreateObjectMapping: 0.176000 ms MarkObjects: 3.442300 ms  DeleteObjects: 0.024700 ms)

AssetImportParameters requested are different than current active one (requested -> active):
  custom:video-decoder-ogg-theora: a1e56fd34408186e4bbccfd4996cb3dc -> 
  custom:container-muxer-webm: aa71ff27fc2769a1b78a27578f13a17b -> 
  custom:container-demuxer-webm: 4f35f7cbe854078d1ac9338744f61a02 -> 
  custom:video-encoder-webm-vp8: eb34c28f22e8b96e1ab97ce403110664 -> 
  custom:CustomObjectIndexerAttribute: bc11b3a6c3213fcdd17b65e7da85e133 -> 
  custom:audio-encoder-webm-vorbis: bf7c407c2cedff20999df2af8eb42d56 -> 
  custom:framework-win-MediaFoundation: 216162199b28c13a410421893ffa2e32 -> 
  custom:container-demuxer-ogg: 62fdf1f143b41e24485cea50d1cbac27 -> 
  custom:video-decoder-webm-vp8: 9c59270c3fd7afecdb556c50c9e8de78 -> 
  custom:audio-decoder-ogg-vorbis: bf7c407c2cedff20999df2af8eb42d56 -> 
